[2026-05-22 22:35:53] [INFO]: Приложение запущено, открытие окна авторизации.
[2026-05-22 22:36:01] [INFO]: Зарегистрирован новый пользователь: 123
[2026-05-22 22:36:03] [INFO]: Пользователь успешно вошел: 123
[2026-05-22 22:36:11] [ERROR]: Сбой при запросе погоды: Ошибка сервера погоды. Код ответа: 401
[2026-05-22 22:36:21] [ERROR]: Сбой при запросе погоды: Ошибка сервера погоды. Код ответа: 401
[2026-05-22 22:36:43] [ERROR]: Сбой при запросе погоды: Ошибка сервера погоды. Код ответа: 401
[2026-05-22 22:40:07] [INFO]: Приложение запущено, открытие стеклянного окна авторизации.
[2026-05-22 22:40:25] [INFO]: Приложение запущено, открытие стеклянного окна авторизации.
[2026-05-22 22:40:31] [WARN]: Неудачная попытка входа для: 123
[2026-05-22 22:40:33] [INFO]: Пользователь успешно вошел: 123
[2026-05-22 22:40:40] [ERROR]: Сбой погоды: Ошибка сервера погоды. Код ответа: 401
[2026-05-22 22:40:41] [INFO]: Пользователь 123 вышел.
[2026-05-22 22:41:39] [INFO]: Пользователь успешно вошел: 123
[2026-05-22 22:41:46] [ERROR]: Сбой погоды: Ошибка сервера погоды. Код ответа: 401
[2026-05-22 22:41:47] [INFO]: Пользователь 123 вышел.
[2026-05-22 22:42:11] [INFO]: Приложение закрыто пользователем через интерфейс macOS.
[2026-05-22 22:43:13] [INFO]: Пользователь успешно вошел: 123
[2026-05-22 22:49:05] [INFO]: Пользователь успешно вошел: 123
[2026-05-22 22:49:22] [INFO]: Получены данные о погоде для города: Липецк
[2026-05-22 22:49:22] [INFO]: Данные интерфейса успешно обновлены для Липецк
[2026-05-22 22:49:26] [INFO]: Получены данные о погоде для города: Москва
[2026-05-22 22:49:26] [INFO]: Данные интерфейса успешно обновлены для Москва
[2026-05-22 22:51:41] [INFO]: Получены данные о погоде для города: Липецк
[2026-05-22 22:51:41] [INFO]: Данные интерфейса успешно обновлены для Липецк
[2026-05-22 22:53:26] [INFO]: Получены данные о погоде для города: Липецк
[2026-05-22 22:53:27] [INFO]: Получены данные о погоде для города: Липецк
[2026-05-22 22:53:28] [INFO]: Получены данные о погоде для города: Липецк
[2026-05-23 01:02:56] [INFO] - Приложение запущено.
[2026-05-23 01:02:57] [WARN] - Ошибка регистрации: пользователь уже существует ()
[2026-05-23 01:03:01] [INFO] - Регистрация нового пользователя: 321
[2026-05-23 01:03:03] [INFO] - Пользователь 321 вошел в систему.
[2026-05-23 01:04:27] [INFO] - Приложение запущено.
[2026-05-23 01:04:55] [INFO] - Приложение запущено.
[2026-05-23 01:04:58] [INFO] - Пользователь 123 вошел в систему.
[2026-05-23 01:05:01] [INFO] - PDF-отчет успешно создан: reports/WeatherReport_Липецк_20260523_010500.pdf
[2026-05-23 01:05:01] [INFO] - Отчет для Липецк сохранен.
[2026-05-23 01:05:12] [INFO] - Приложение запущено.
[2026-05-23 01:05:14] [INFO] - Пользователь 123 вошел в систему.
[2026-05-23 01:05:17] [INFO] - PDF-отчет успешно создан: reports/WeatherReport_Липецк_20260523_010517.pdf
[2026-05-23 01:05:17] [INFO] - Отчет для Липецк сохранен.
[2026-05-23 01:06:51] [INFO] - Приложение запущено.
[2026-05-23 01:07:00] [INFO] - Приложение запущено.
[2026-05-23 01:07:02] [INFO] - Пользователь 123 вошел в систему.
[2026-05-23 01:07:05] [INFO] - PDF-report saved to: C:\weather2\untitled\reports\WeatherReport__20260523_010705.pdf
[2026-05-23 01:07:05] [INFO] - Отчет для Липецк сохранен.
[2026-05-23 01:08:19] [INFO] - Приложение запущено.
[2026-05-23 01:08:32] [INFO] - Приложение запущено.
[2026-05-23 01:08:35] [INFO] - Пользователь 123 вошел в систему.
[2026-05-23 01:08:38] [INFO] - Full PDF-report saved: WeatherReport__20260523_010837.pdf
[2026-05-23 01:08:38] [INFO] - Full report generated for: Липецк
[2026-05-23 01:08:43] [INFO] - Full PDF-report saved: WeatherReport__20260523_010843.pdf
[2026-05-23 01:08:43] [INFO] - Full report generated for: Липецк
[2026-05-23 01:09:07] [INFO] - Full PDF-report saved: WeatherReport__20260523_010907.pdf
[2026-05-23 01:09:07] [INFO] - Full report generated for: Липецк
[2026-05-23 01:10:19] [INFO] - Приложение запущено.
2026-05-23T01:11:29.747500 [INFO] Application started.
2026-05-23T01:11:32.142989500 [INFO] User 123 logged in.
2026-05-23T01:12:04.573040600 [INFO] Приложение запущено.
2026-05-23T01:12:06.787535900 [INFO] Пользователь 123 вошел в систему.
2026-05-23T01:12:09.816799200 [INFO] Report saved: reports/WeatherReport_1779487929621.pdf
2026-05-23T01:12:09.817798400 [INFO] Full report generated for: Липецк
2026-05-23T01:14:04.854101 [INFO] Поиск погоды для: ХУЙ
2026-05-23T01:14:28.165275700 [INFO] Поиск погоды для: Пидор
2026-05-23T01:14:37.415770100 [INFO] Поиск погоды для: гойда
2026-05-23T01:14:46.188486200 [INFO] Поиск погоды для: СВО
2026-05-23T01:14:54.630936400 [INFO] Поиск погоды для: ZOV
2026-05-23T01:15:05.378140900 [INFO] Поиск погоды для: шлюха
